<?xml version="1.0" encoding="UTF-8"?>
<coverage generated="1762731248243" clover="3.2.0">
  <project timestamp="1762731248243" name="All files">
    <metrics statements="36" coveredstatements="34" conditionals="16" coveredconditionals="12" methods="15" coveredmethods="14" elements="67" coveredelements="60" complexity="0" loc="36" ncloc="36" packages="1" files="1" classes="1"/>
    <file name="index.ts" path="/Users/kevin/work/github/modsynth/api-client/src/index.ts">
      <metrics statements="36" coveredstatements="34" conditionals="16" coveredconditionals="12" methods="15" coveredmethods="14"/>
      <line num="1" count="1" type="stmt"/>
      <line num="9" count="1" type="stmt"/>
      <line num="13" count="23" type="stmt"/>
      <line num="19" count="23" type="stmt"/>
      <line num="23" count="23" type="stmt"/>
      <line num="25" count="17" type="stmt"/>
      <line num="26" count="17" type="cond" truecount="2" falsecount="0"/>
      <line num="27" count="1" type="stmt"/>
      <line num="29" count="17" type="stmt"/>
      <line num="31" count="0" type="stmt"/>
      <line num="34" count="23" type="stmt"/>
      <line num="35" count="11" type="stmt"/>
      <line num="37" count="6" type="cond" truecount="2" falsecount="0"/>
      <line num="38" count="1" type="stmt"/>
      <line num="40" count="6" type="stmt"/>
      <line num="46" count="1" type="cond" truecount="1" falsecount="1"/>
      <line num="47" count="1" type="stmt"/>
      <line num="52" count="2" type="cond" truecount="1" falsecount="1"/>
      <line num="53" count="2" type="stmt"/>
      <line num="58" count="17" type="cond" truecount="1" falsecount="1"/>
      <line num="59" count="17" type="stmt"/>
      <line num="61" count="0" type="stmt"/>
      <line num="65" count="1" type="stmt"/>
      <line num="66" count="1" type="cond" truecount="1" falsecount="1"/>
      <line num="67" count="1" type="stmt"/>
      <line num="72" count="11" type="stmt"/>
      <line num="73" count="5" type="stmt"/>
      <line num="77" count="2" type="stmt"/>
      <line num="78" count="2" type="stmt"/>
      <line num="82" count="1" type="stmt"/>
      <line num="83" count="1" type="stmt"/>
      <line num="87" count="1" type="stmt"/>
      <line num="88" count="1" type="stmt"/>
      <line num="92" count="2" type="stmt"/>
      <line num="93" count="2" type="stmt"/>
      <line num="97" count="1" type="stmt"/>
    </file>
  </project>
</coverage>
