{"/Users/kevin/work/github/modsynth/api-client/src/index.ts": {"path":"/Users/kevin/work/github/modsynth/api-client/src/index.ts","statementMap":{"0":{"start":{"line":1,"column":0},"end":{"line":1,"column":80}},"1":{"start":{"line":13,"column":4},"end":{"line":17,"column":7}},"2":{"start":{"line":19,"column":4},"end":{"line":19,"column":29}},"3":{"start":{"line":23,"column":4},"end":{"line":32,"column":6}},"4":{"start":{"line":25,"column":22},"end":{"line":25,"column":41}},"5":{"start":{"line":26,"column":8},"end":{"line":28,"column":9}},"6":{"start":{"line":27,"column":10},"end":{"line":27,"column":59}},"7":{"start":{"line":29,"column":8},"end":{"line":29,"column":22}},"8":{"start":{"line":31,"column":17},"end":{"line":31,"column":38}},"9":{"start":{"line":34,"column":4},"end":{"line":42,"column":6}},"10":{"start":{"line":35,"column":20},"end":{"line":35,"column":28}},"11":{"start":{"line":37,"column":8},"end":{"line":39,"column":9}},"12":{"start":{"line":38,"column":10},"end":{"line":38,"column":36}},"13":{"start":{"line":40,"column":8},"end":{"line":40,"column":37}},"14":{"start":{"line":46,"column":4},"end":{"line":48,"column":5}},"15":{"start":{"line":47,"column":6},"end":{"line":47,"column":48}},"16":{"start":{"line":52,"column":4},"end":{"line":54,"column":5}},"17":{"start":{"line":53,"column":6},"end":{"line":53,"column":44}},"18":{"start":{"line":58,"column":4},"end":{"line":60,"column":5}},"19":{"start":{"line":59,"column":6},"end":{"line":59,"column":48}},"20":{"start":{"line":61,"column":4},"end":{"line":61,"column":16}},"21":{"start":{"line":65,"column":4},"end":{"line":65,"column":26}},"22":{"start":{"line":66,"column":4},"end":{"line":68,"column":5}},"23":{"start":{"line":67,"column":6},"end":{"line":67,"column":38}},"24":{"start":{"line":72,"column":39},"end":{"line":72,"column":73}},"25":{"start":{"line":73,"column":4},"end":{"line":73,"column":25}},"26":{"start":{"line":77,"column":39},"end":{"line":77,"column":80}},"27":{"start":{"line":78,"column":4},"end":{"line":78,"column":25}},"28":{"start":{"line":82,"column":39},"end":{"line":82,"column":79}},"29":{"start":{"line":83,"column":4},"end":{"line":83,"column":25}},"30":{"start":{"line":87,"column":39},"end":{"line":87,"column":81}},"31":{"start":{"line":88,"column":4},"end":{"line":88,"column":25}},"32":{"start":{"line":92,"column":39},"end":{"line":92,"column":76}},"33":{"start":{"line":93,"column":4},"end":{"line":93,"column":25}},"34":{"start":{"line":9,"column":0},"end":{"line":9,"column":13}},"35":{"start":{"line":97,"column":0},"end":{"line":97,"column":25}}},"fnMap":{"0":{"name":"(anonymous_1)","decl":{"start":{"line":12,"column":2},"end":{"line":12,"column":14}},"loc":{"start":{"line":12,"column":37},"end":{"line":20,"column":3}}},"1":{"name":"(anonymous_2)","decl":{"start":{"line":22,"column":10},"end":{"line":22,"column":27}},"loc":{"start":{"line":22,"column":27},"end":{"line":43,"column":3}}},"2":{"name":"(anonymous_3)","decl":{"start":{"line":24,"column":6},"end":{"line":24,"column":7}},"loc":{"start":{"line":24,"column":17},"end":{"line":30,"column":7}}},"3":{"name":"(anonymous_4)","decl":{"start":{"line":31,"column":6},"end":{"line":31,"column":7}},"loc":{"start":{"line":31,"column":17},"end":{"line":31,"column":38}}},"4":{"name":"(anonymous_5)","decl":{"start":{"line":35,"column":6},"end":{"line":35,"column":7}},"loc":{"start":{"line":35,"column":20},"end":{"line":35,"column":28}}},"5":{"name":"(anonymous_6)","decl":{"start":{"line":36,"column":6},"end":{"line":36,"column":7}},"loc":{"start":{"line":36,"column":16},"end":{"line":41,"column":7}}},"6":{"name":"(anonymous_7)","decl":{"start":{"line":45,"column":9},"end":{"line":45,"column":21}},"loc":{"start":{"line":45,"column":35},"end":{"line":49,"column":3}}},"7":{"name":"(anonymous_8)","decl":{"start":{"line":51,"column":9},"end":{"line":51,"column":23}},"loc":{"start":{"line":51,"column":23},"end":{"line":55,"column":3}}},"8":{"name":"(anonymous_9)","decl":{"start":{"line":57,"column":10},"end":{"line":57,"column":22}},"loc":{"start":{"line":57,"column":22},"end":{"line":62,"column":3}}},"9":{"name":"(anonymous_10)","decl":{"start":{"line":64,"column":10},"end":{"line":64,"column":28}},"loc":{"start":{"line":64,"column":28},"end":{"line":69,"column":3}}},"10":{"name":"(anonymous_11)","decl":{"start":{"line":71,"column":9},"end":{"line":71,"column":14}},"loc":{"start":{"line":71,"column":68},"end":{"line":74,"column":3}}},"11":{"name":"(anonymous_12)","decl":{"start":{"line":76,"column":9},"end":{"line":76,"column":14}},"loc":{"start":{"line":76,"column":81},"end":{"line":79,"column":3}}},"12":{"name":"(anonymous_13)","decl":{"start":{"line":81,"column":9},"end":{"line":81,"column":14}},"loc":{"start":{"line":81,"column":80},"end":{"line":84,"column":3}}},"13":{"name":"(anonymous_14)","decl":{"start":{"line":86,"column":9},"end":{"line":86,"column":14}},"loc":{"start":{"line":86,"column":82},"end":{"line":89,"column":3}}},"14":{"name":"(anonymous_15)","decl":{"start":{"line":91,"column":9},"end":{"line":91,"column":14}},"loc":{"start":{"line":91,"column":71},"end":{"line":94,"column":3}}}},"branchMap":{"0":{"loc":{"start":{"line":15,"column":15},"end":{"line":15,"column":38}},"type":"binary-expr","locations":[{"start":{"line":15,"column":15},"end":{"line":15,"column":29}},{"start":{"line":15,"column":33},"end":{"line":15,"column":38}}]},"1":{"loc":{"start":{"line":16,"column":15},"end":{"line":16,"column":35}},"type":"binary-expr","locations":[{"start":{"line":16,"column":15},"end":{"line":16,"column":29}},{"start":{"line":16,"column":33},"end":{"line":16,"column":35}}]},"2":{"loc":{"start":{"line":26,"column":8},"end":{"line":28,"column":9}},"type":"if","locations":[{"start":{"line":26,"column":8},"end":{"line":28,"column":9}},{"start":{},"end":{}}]},"3":{"loc":{"start":{"line":37,"column":8},"end":{"line":39,"column":9}},"type":"if","locations":[{"start":{"line":37,"column":8},"end":{"line":39,"column":9}},{"start":{},"end":{}}]},"4":{"loc":{"start":{"line":46,"column":4},"end":{"line":48,"column":5}},"type":"if","locations":[{"start":{"line":46,"column":4},"end":{"line":48,"column":5}},{"start":{},"end":{}}]},"5":{"loc":{"start":{"line":52,"column":4},"end":{"line":54,"column":5}},"type":"if","locations":[{"start":{"line":52,"column":4},"end":{"line":54,"column":5}},{"start":{},"end":{}}]},"6":{"loc":{"start":{"line":58,"column":4},"end":{"line":60,"column":5}},"type":"if","locations":[{"start":{"line":58,"column":4},"end":{"line":60,"column":5}},{"start":{},"end":{}}]},"7":{"loc":{"start":{"line":66,"column":4},"end":{"line":68,"column":5}},"type":"if","locations":[{"start":{"line":66,"column":4},"end":{"line":68,"column":5}},{"start":{},"end":{}}]}},"s":{"0":1,"1":23,"2":23,"3":23,"4":17,"5":17,"6":1,"7":17,"8":0,"9":23,"10":11,"11":6,"12":1,"13":6,"14":1,"15":1,"16":2,"17":2,"18":17,"19":17,"20":0,"21":1,"22":1,"23":1,"24":11,"25":5,"26":2,"27":2,"28":1,"29":1,"30":1,"31":1,"32":2,"33":2,"34":1,"35":1},"f":{"0":23,"1":23,"2":17,"3":0,"4":11,"5":6,"6":1,"7":2,"8":17,"9":1,"10":11,"11":2,"12":1,"13":1,"14":2},"b":{"0":[23,1],"1":[23,2],"2":[1,16],"3":[1,5],"4":[1,0],"5":[2,0],"6":[17,0],"7":[1,0]}}
}
