TN:
SF:src/index.ts
FN:12,(anonymous_1)
FN:22,(anonymous_2)
FN:24,(anonymous_3)
FN:31,(anonymous_4)
FN:35,(anonymous_5)
FN:36,(anonymous_6)
FN:45,(anonymous_7)
FN:51,(anonymous_8)
FN:57,(anonymous_9)
FN:64,(anonymous_10)
FN:71,(anonymous_11)
FN:76,(anonymous_12)
FN:81,(anonymous_13)
FN:86,(anonymous_14)
FN:91,(anonymous_15)
FNF:15
FNH:14
FNDA:23,(anonymous_1)
FNDA:23,(anonymous_2)
FNDA:17,(anonymous_3)
FNDA:0,(anonymous_4)
FNDA:11,(anonymous_5)
FNDA:6,(anonymous_6)
FNDA:1,(anonymous_7)
FNDA:2,(anonymous_8)
FNDA:17,(anonymous_9)
FNDA:1,(anonymous_10)
FNDA:11,(anonymous_11)
FNDA:2,(anonymous_12)
FNDA:1,(anonymous_13)
FNDA:1,(anonymous_14)
FNDA:2,(anonymous_15)
DA:1,1
DA:9,1
DA:13,23
DA:19,23
DA:23,23
DA:25,17
DA:26,17
DA:27,1
DA:29,17
DA:31,0
DA:34,23
DA:35,11
DA:37,6
DA:38,1
DA:40,6
DA:46,1
DA:47,1
DA:52,2
DA:53,2
DA:58,17
DA:59,17
DA:61,0
DA:65,1
DA:66,1
DA:67,1
DA:72,11
DA:73,5
DA:77,2
DA:78,2
DA:82,1
DA:83,1
DA:87,1
DA:88,1
DA:92,2
DA:93,2
DA:97,1
LF:36
LH:34
BRDA:15,0,0,23
BRDA:15,0,1,1
BRDA:16,1,0,23
BRDA:16,1,1,2
BRDA:26,2,0,1
BRDA:26,2,1,16
BRDA:37,3,0,1
BRDA:37,3,1,5
BRDA:46,4,0,1
BRDA:46,4,1,0
BRDA:52,5,0,2
BRDA:52,5,1,0
BRDA:58,6,0,17
BRDA:58,6,1,0
BRDA:66,7,0,1
BRDA:66,7,1,0
BRF:16
BRH:12
end_of_record
